2026-06-02 12:35:15 [INFO] Adding job tentatively -- it will be properly scheduled when the scheduler starts
2026-06-02 12:35:15 [INFO] Adding job tentatively -- it will be properly scheduled when the scheduler starts
2026-06-02 12:35:15 [INFO] Scheduler configurado — aguardando inicio...
2026-06-02 12:35:15 [INFO] Jobs agendados:
2026-06-02 12:35:15 [INFO]   - Relatorios diarios (ter-dom)
2026-06-02 12:35:15 [INFO]   - Segunda-feira: diario + mensal + semanal
2026-06-02 12:35:15 [INFO] Added job "Relatorios diarios (ter-dom)" to job store "default"
2026-06-02 12:35:15 [INFO] Added job "Segunda-feira: diario + mensal + semanal" to job store "default"
2026-06-02 12:35:15 [INFO] Scheduler started
2026-06-03 17:40:49 [INFO] Adding job tentatively -- it will be properly scheduled when the scheduler starts
2026-06-03 17:40:49 [INFO] Adding job tentatively -- it will be properly scheduled when the scheduler starts
2026-06-03 17:40:49 [INFO] Scheduler configurado — aguardando inicio...
2026-06-03 17:40:49 [INFO] Jobs agendados:
2026-06-03 17:40:49 [INFO]   - Relatorios diarios (ter-dom)
2026-06-03 17:40:49 [INFO]   - Segunda-feira: diario + mensal + semanal
2026-06-03 17:40:49 [INFO] Added job "Relatorios diarios (ter-dom)" to job store "default"
2026-06-03 17:40:49 [INFO] Added job "Segunda-feira: diario + mensal + semanal" to job store "default"
2026-06-03 17:40:49 [INFO] Scheduler started
2026-06-03 17:46:39 [INFO] Adding job tentatively -- it will be properly scheduled when the scheduler starts
2026-06-03 17:46:39 [INFO] Adding job tentatively -- it will be properly scheduled when the scheduler starts
2026-06-03 17:46:39 [INFO] Scheduler configurado — aguardando inicio...
2026-06-03 17:46:39 [INFO] Jobs agendados:
2026-06-03 17:46:39 [INFO]   - Relatorios diarios (ter-dom)
2026-06-03 17:46:39 [INFO]   - Segunda-feira: diario + mensal + semanal
2026-06-03 17:46:39 [INFO] Added job "Relatorios diarios (ter-dom)" to job store "default"
2026-06-03 17:46:39 [INFO] Added job "Segunda-feira: diario + mensal + semanal" to job store "default"
2026-06-03 17:46:39 [INFO] Scheduler started
Traceback (most recent call last):
  File "/Users/seunovomacbook/code/python-learning/reports-automation/main.py", line 40, in <module>
    gads     = GoogleAdsDirectClient()
  File "/Users/seunovomacbook/code/python-learning/reports-automation/src/google_ads_client.py", line 21, in __init__
    self._client  = GoogleAdsClient.load_from_storage(YAML_PATH)
                    ~~~~~~~~~~~~~~~~~~~~~~~~~~~~~~~~~^^^^^^^^^^^
  File "/Users/seunovomacbook/code/python-learning/reports-automation/.venv/lib/python3.14/site-packages/google/ads/googleads/client.py", line 321, in load_from_storage
    kwargs: Dict[str, Any] = cls._get_client_kwargs(config_data)
                             ~~~~~~~~~~~~~~~~~~~~~~^^^^^^^^^^^^^
  File "/Users/seunovomacbook/code/python-learning/reports-automation/.venv/lib/python3.14/site-packages/google/ads/googleads/client.py", line 198, in _get_client_kwargs
    "credentials": oauth2.get_credentials(config_data),
                   ~~~~~~~~~~~~~~~~~~~~~~^^^^^^^^^^^^^
  File "/Users/seunovomacbook/code/python-learning/reports-automation/.venv/lib/python3.14/site-packages/google/ads/googleads/oauth2.py", line 151, in get_credentials
    return get_installed_app_credentials(
        config_data.get("client_id"),
    ...<2 lines>...
        http_proxy=config_data.get("http_proxy"),
    )
  File "/Users/seunovomacbook/code/python-learning/reports-automation/.venv/lib/python3.14/site-packages/google/ads/googleads/oauth2.py", line 56, in initialize_credentials_wrapper
    credentials.refresh(Request())
    ~~~~~~~~~~~~~~~~~~~^^^^^^^^^^^
  File "/Users/seunovomacbook/code/python-learning/reports-automation/.venv/lib/python3.14/site-packages/google/auth/credentials.py", line 482, in refresh
    self._perform_refresh_token(request)
    ~~~~~~~~~~~~~~~~~~~~~~~~~~~^^^^^^^^^
  File "/Users/seunovomacbook/code/python-learning/reports-automation/.venv/lib/python3.14/site-packages/google/oauth2/credentials.py", line 435, in _perform_refresh_token
    ) = reauth.refresh_grant(
        ~~~~~~~~~~~~~~~~~~~~^
        request,
        ^^^^^^^^
    ...<6 lines>...
        enable_reauth_refresh=self._enable_reauth_refresh,
        ^^^^^^^^^^^^^^^^^^^^^^^^^^^^^^^^^^^^^^^^^^^^^^^^^^
    )
    ^
  File "/Users/seunovomacbook/code/python-learning/reports-automation/.venv/lib/python3.14/site-packages/google/oauth2/reauth.py", line 370, in refresh_grant
    _client._handle_error_response(response_data, retryable_error)
    ~~~~~~~~~~~~~~~~~~~~~~~~~~~~~~^^^^^^^^^^^^^^^^^^^^^^^^^^^^^^^^
  File "/Users/seunovomacbook/code/python-learning/reports-automation/.venv/lib/python3.14/site-packages/google/oauth2/_client.py", line 73, in _handle_error_response
    raise exceptions.RefreshError(
        error_details, response_data, retryable=retryable_error
    )
google.auth.exceptions.RefreshError: ('deleted_client: The OAuth client was deleted.', {'error': 'deleted_client', 'error_description': 'The OAuth client was deleted.'})
2026-06-05 11:55:31 [INFO] Adding job tentatively -- it will be properly scheduled when the scheduler starts
2026-06-05 11:55:31 [INFO] Adding job tentatively -- it will be properly scheduled when the scheduler starts
2026-06-05 11:55:31 [INFO] Scheduler configurado — aguardando inicio...
2026-06-05 11:55:31 [INFO] Jobs agendados:
2026-06-05 11:55:31 [INFO]   - Relatorios diarios (ter-dom) — 11h50
2026-06-05 11:55:31 [INFO]   - Segunda-feira: diario + mensal + semanal — 11h50
2026-06-05 11:55:31 [INFO] Added job "Relatorios diarios (ter-dom) — 11h50" to job store "default"
2026-06-05 11:55:31 [INFO] Added job "Segunda-feira: diario + mensal + semanal — 11h50" to job store "default"
2026-06-05 11:55:31 [INFO] Scheduler started
2026-06-08 02:34:07 [WARNING] Run time of job "Relatorios diarios (ter-dom) — 11h50 (trigger: cron[day_of_week='tue,wed,thu,fri,sat,sun', hour='11', minute='50'], next run at: 2026-06-06 11:50:00 -03)" was missed by 14:44:07.040173
2026-06-08 13:37:26 [INFO] Running job "Segunda-feira: diario + mensal + semanal — 11h50 (trigger: cron[day_of_week='mon', hour='11', minute='50'], next run at: 2026-06-15 11:50:00 -03)" (scheduled at 2026-06-08 11:50:00-03:00)
2026-06-08 13:37:26 [INFO] [reportei-daily] Iniciando analise para 2026-06-08
2026-06-08 13:37:39 [INFO] [reportei-daily] HTML gerado: /Users/seunovomacbook/code/python-learning/reports-automation/data/reports/reportei_daily_2026-06-08.html
2026-06-08 13:37:46 [INFO] [reportei-daily] Concluido.
2026-06-08 13:37:46 [INFO] [reportei-monthly] Iniciando relatorio mensal para 2026-06-08
2026-06-08 13:37:54 [INFO] [reportei-monthly] HTML gerado: /Users/seunovomacbook/code/python-learning/reports-automation/data/reports/reportei_monthly_2026-06-08.html
2026-06-08 13:38:07 [INFO] [reportei-monthly] Concluido.
2026-06-08 13:38:07 [INFO] [reportei-weekly] Iniciando relatorio semanal para 2026-06-08
2026-06-08 13:38:14 [INFO] [reportei-weekly] HTML gerado: /Users/seunovomacbook/code/python-learning/reports-automation/data/reports/reportei_weekly_2026-06-08.html
2026-06-08 13:38:20 [INFO] [reportei-weekly] Concluido.
2026-06-08 13:38:20 [INFO] [gads] Iniciando relatorio completo Google Ads para 2026-06-08
2026-06-08 13:38:21 [ERROR] [gads] Erro: ('deleted_client: The OAuth client was deleted.', {'error': 'deleted_client', 'error_description': 'The OAuth client was deleted.'})
Traceback (most recent call last):
  File "/Users/seunovomacbook/code/python-learning/reports-automation/main.py", line 128, in job_gads
    gads = _get_gads()
  File "/Users/seunovomacbook/code/python-learning/reports-automation/main.py", line 48, in _get_gads
    _gads_client = GoogleAdsDirectClient()
  File "/Users/seunovomacbook/code/python-learning/reports-automation/src/google_ads_client.py", line 21, in __init__
    self._client  = GoogleAdsClient.load_from_storage(YAML_PATH)
                    ~~~~~~~~~~~~~~~~~~~~~~~~~~~~~~~~~^^^^^^^^^^^
  File "/Users/seunovomacbook/code/python-learning/reports-automation/.venv/lib/python3.14/site-packages/google/ads/googleads/client.py", line 321, in load_from_storage
    kwargs: Dict[str, Any] = cls._get_client_kwargs(config_data)
                             ~~~~~~~~~~~~~~~~~~~~~~^^^^^^^^^^^^^
  File "/Users/seunovomacbook/code/python-learning/reports-automation/.venv/lib/python3.14/site-packages/google/ads/googleads/client.py", line 198, in _get_client_kwargs
    "credentials": oauth2.get_credentials(config_data),
                   ~~~~~~~~~~~~~~~~~~~~~~^^^^^^^^^^^^^
  File "/Users/seunovomacbook/code/python-learning/reports-automation/.venv/lib/python3.14/site-packages/google/ads/googleads/oauth2.py", line 151, in get_credentials
    return get_installed_app_credentials(
        config_data.get("client_id"),
    ...<2 lines>...
        http_proxy=config_data.get("http_proxy"),
    )
  File "/Users/seunovomacbook/code/python-learning/reports-automation/.venv/lib/python3.14/site-packages/google/ads/googleads/oauth2.py", line 56, in initialize_credentials_wrapper
    credentials.refresh(Request())
    ~~~~~~~~~~~~~~~~~~~^^^^^^^^^^^
  File "/Users/seunovomacbook/code/python-learning/reports-automation/.venv/lib/python3.14/site-packages/google/auth/credentials.py", line 482, in refresh
    self._perform_refresh_token(request)
    ~~~~~~~~~~~~~~~~~~~~~~~~~~~^^^^^^^^^
  File "/Users/seunovomacbook/code/python-learning/reports-automation/.venv/lib/python3.14/site-packages/google/oauth2/credentials.py", line 435, in _perform_refresh_token
    ) = reauth.refresh_grant(
        ~~~~~~~~~~~~~~~~~~~~^
        request,
        ^^^^^^^^
    ...<6 lines>...
        enable_reauth_refresh=self._enable_reauth_refresh,
        ^^^^^^^^^^^^^^^^^^^^^^^^^^^^^^^^^^^^^^^^^^^^^^^^^^
    )
    ^
  File "/Users/seunovomacbook/code/python-learning/reports-automation/.venv/lib/python3.14/site-packages/google/oauth2/reauth.py", line 370, in refresh_grant
    _client._handle_error_response(response_data, retryable_error)
    ~~~~~~~~~~~~~~~~~~~~~~~~~~~~~~^^^^^^^^^^^^^^^^^^^^^^^^^^^^^^^^
  File "/Users/seunovomacbook/code/python-learning/reports-automation/.venv/lib/python3.14/site-packages/google/oauth2/_client.py", line 73, in _handle_error_response
    raise exceptions.RefreshError(
        error_details, response_data, retryable=retryable_error
    )
google.auth.exceptions.RefreshError: ('deleted_client: The OAuth client was deleted.', {'error': 'deleted_client', 'error_description': 'The OAuth client was deleted.'})
2026-06-08 13:38:21 [INFO] Job "Segunda-feira: diario + mensal + semanal — 11h50 (trigger: cron[day_of_week='mon', hour='11', minute='50'], next run at: 2026-06-15 11:50:00 -03)" executed successfully
2026-06-10 07:24:56 [WARNING] Run time of job "Relatorios diarios (ter-dom) — 11h50 (trigger: cron[day_of_week='tue,wed,thu,fri,sat,sun', hour='11', minute='50'], next run at: 2026-06-09 11:50:00 -03)" was missed by 19:34:56.417693
2026-06-10 15:30:36 [INFO] Running job "Relatorios diarios (ter-dom) — 11h50 (trigger: cron[day_of_week='tue,wed,thu,fri,sat,sun', hour='11', minute='50'], next run at: 2026-06-11 11:50:00 -03)" (scheduled at 2026-06-10 11:50:00-03:00)
2026-06-10 15:30:36 [INFO] [reportei-daily] Iniciando analise para 2026-06-10
2026-06-10 15:30:45 [ERROR] [reportei-daily] Erro: 400 Client Error: Bad Request for url: https://app.reportei.com/api/v2/metrics/get-data
Traceback (most recent call last):
  File "/Users/seunovomacbook/code/python-learning/reports-automation/main.py", line 58, in job_reportei_daily
    raw      = reportei.fetch_daily_data(today)
  File "/Users/seunovomacbook/code/python-learning/reports-automation/src/reportei_client.py", line 197, in fetch_daily_data
    vs_prev = self.get_metrics(int_id, target_date, target_date, metrics,
                               comparison_start=prev_day, comparison_end=prev_day)
  File "/Users/seunovomacbook/code/python-learning/reports-automation/src/reportei_client.py", line 155, in get_metrics
    raw = self._post("/metrics/get-data", payload)
  File "/Users/seunovomacbook/code/python-learning/reports-automation/src/reportei_client.py", line 127, in _post
    resp.raise_for_status()
    ~~~~~~~~~~~~~~~~~~~~~^^
  File "/Users/seunovomacbook/code/python-learning/reports-automation/.venv/lib/python3.14/site-packages/requests/models.py", line 1167, in raise_for_status
    raise HTTPError(http_error_msg, response=self)
requests.exceptions.HTTPError: 400 Client Error: Bad Request for url: https://app.reportei.com/api/v2/metrics/get-data
2026-06-10 15:30:45 [INFO] [gads] Iniciando relatorio completo Google Ads para 2026-06-10
2026-06-10 15:30:45 [ERROR] [gads] Erro: ('deleted_client: The OAuth client was deleted.', {'error': 'deleted_client', 'error_description': 'The OAuth client was deleted.'})
Traceback (most recent call last):
  File "/Users/seunovomacbook/code/python-learning/reports-automation/main.py", line 128, in job_gads
    gads = _get_gads()
  File "/Users/seunovomacbook/code/python-learning/reports-automation/main.py", line 48, in _get_gads
    _gads_client = GoogleAdsDirectClient()
  File "/Users/seunovomacbook/code/python-learning/reports-automation/src/google_ads_client.py", line 21, in __init__
    self._client  = GoogleAdsClient.load_from_storage(YAML_PATH)
                    ~~~~~~~~~~~~~~~~~~~~~~~~~~~~~~~~~^^^^^^^^^^^
  File "/Users/seunovomacbook/code/python-learning/reports-automation/.venv/lib/python3.14/site-packages/google/ads/googleads/client.py", line 321, in load_from_storage
    kwargs: Dict[str, Any] = cls._get_client_kwargs(config_data)
                             ~~~~~~~~~~~~~~~~~~~~~~^^^^^^^^^^^^^
  File "/Users/seunovomacbook/code/python-learning/reports-automation/.venv/lib/python3.14/site-packages/google/ads/googleads/client.py", line 198, in _get_client_kwargs
    "credentials": oauth2.get_credentials(config_data),
                   ~~~~~~~~~~~~~~~~~~~~~~^^^^^^^^^^^^^
  File "/Users/seunovomacbook/code/python-learning/reports-automation/.venv/lib/python3.14/site-packages/google/ads/googleads/oauth2.py", line 151, in get_credentials
    return get_installed_app_credentials(
        config_data.get("client_id"),
    ...<2 lines>...
        http_proxy=config_data.get("http_proxy"),
    )
  File "/Users/seunovomacbook/code/python-learning/reports-automation/.venv/lib/python3.14/site-packages/google/ads/googleads/oauth2.py", line 56, in initialize_credentials_wrapper
    credentials.refresh(Request())
    ~~~~~~~~~~~~~~~~~~~^^^^^^^^^^^
  File "/Users/seunovomacbook/code/python-learning/reports-automation/.venv/lib/python3.14/site-packages/google/auth/credentials.py", line 482, in refresh
    self._perform_refresh_token(request)
    ~~~~~~~~~~~~~~~~~~~~~~~~~~~^^^^^^^^^
  File "/Users/seunovomacbook/code/python-learning/reports-automation/.venv/lib/python3.14/site-packages/google/oauth2/credentials.py", line 435, in _perform_refresh_token
    ) = reauth.refresh_grant(
        ~~~~~~~~~~~~~~~~~~~~^
        request,
        ^^^^^^^^
    ...<6 lines>...
        enable_reauth_refresh=self._enable_reauth_refresh,
        ^^^^^^^^^^^^^^^^^^^^^^^^^^^^^^^^^^^^^^^^^^^^^^^^^^
    )
    ^
  File "/Users/seunovomacbook/code/python-learning/reports-automation/.venv/lib/python3.14/site-packages/google/oauth2/reauth.py", line 370, in refresh_grant
    _client._handle_error_response(response_data, retryable_error)
    ~~~~~~~~~~~~~~~~~~~~~~~~~~~~~~^^^^^^^^^^^^^^^^^^^^^^^^^^^^^^^^
  File "/Users/seunovomacbook/code/python-learning/reports-automation/.venv/lib/python3.14/site-packages/google/oauth2/_client.py", line 73, in _handle_error_response
    raise exceptions.RefreshError(
        error_details, response_data, retryable=retryable_error
    )
google.auth.exceptions.RefreshError: ('deleted_client: The OAuth client was deleted.', {'error': 'deleted_client', 'error_description': 'The OAuth client was deleted.'})
2026-06-10 15:30:45 [INFO] Job "Relatorios diarios (ter-dom) — 11h50 (trigger: cron[day_of_week='tue,wed,thu,fri,sat,sun', hour='11', minute='50'], next run at: 2026-06-11 11:50:00 -03)" executed successfully
2026-06-11 22:03:06 [WARNING] Run time of job "Relatorios diarios (ter-dom) — 11h50 (trigger: cron[day_of_week='tue,wed,thu,fri,sat,sun', hour='11', minute='50'], next run at: 2026-06-12 11:50:00 -03)" was missed by 10:13:06.869166
2026-06-13 07:52:24 [WARNING] Run time of job "Relatorios diarios (ter-dom) — 11h50 (trigger: cron[day_of_week='tue,wed,thu,fri,sat,sun', hour='11', minute='50'], next run at: 2026-06-13 11:50:00 -03)" was missed by 20:02:24.151746
2026-06-14 11:13:37 [WARNING] Run time of job "Relatorios diarios (ter-dom) — 11h50 (trigger: cron[day_of_week='tue,wed,thu,fri,sat,sun', hour='11', minute='50'], next run at: 2026-06-14 11:50:00 -03)" was missed by 23:23:37.037468
2026-06-14 20:00:57 [WARNING] Run time of job "Relatorios diarios (ter-dom) — 11h50 (trigger: cron[day_of_week='tue,wed,thu,fri,sat,sun', hour='11', minute='50'], next run at: 2026-06-16 11:50:00 -03)" was missed by 8:10:57.440361
2026-06-16 07:52:22 [WARNING] Run time of job "Segunda-feira: diario + mensal + semanal — 11h50 (trigger: cron[day_of_week='mon', hour='11', minute='50'], next run at: 2026-06-22 11:50:00 -03)" was missed by 20:02:22.768975
2026-06-16 12:08:25 [INFO] Running job "Relatorios diarios (ter-dom) — 11h50 (trigger: cron[day_of_week='tue,wed,thu,fri,sat,sun', hour='11', minute='50'], next run at: 2026-06-17 11:50:00 -03)" (scheduled at 2026-06-16 11:50:00-03:00)
2026-06-16 12:08:25 [INFO] [reportei-daily] Iniciando analise para 2026-06-16
2026-06-16 12:08:40 [INFO] [reportei-daily] HTML gerado: /Users/seunovomacbook/code/python-learning/reports-automation/data/reports/reportei_daily_2026-06-16.html
Python(72263) MallocStackLogging: can't turn off malloc stack logging because it was not enabled.
Python(72265) MallocStackLogging: can't turn off malloc stack logging because it was not enabled.
Python(72266) MallocStackLogging: can't turn off malloc stack logging because it was not enabled.
Python(72267) MallocStackLogging: can't turn off malloc stack logging because it was not enabled.
Python(72268) MallocStackLogging: can't turn off malloc stack logging because it was not enabled.
2026-06-16 12:08:48 [INFO] [reportei-daily] Concluido.
2026-06-16 12:08:48 [INFO] [gads] Iniciando relatorio completo Google Ads para 2026-06-16
2026-06-16 12:08:48 [ERROR] [gads] Erro: ('deleted_client: The OAuth client was deleted.', {'error': 'deleted_client', 'error_description': 'The OAuth client was deleted.'})
Traceback (most recent call last):
  File "/Users/seunovomacbook/code/python-learning/reports-automation/main.py", line 128, in job_gads
    gads = _get_gads()
  File "/Users/seunovomacbook/code/python-learning/reports-automation/main.py", line 48, in _get_gads
    _gads_client = GoogleAdsDirectClient()
  File "/Users/seunovomacbook/code/python-learning/reports-automation/src/google_ads_client.py", line 21, in __init__
    self._client  = GoogleAdsClient.load_from_storage(YAML_PATH)
                    ~~~~~~~~~~~~~~~~~~~~~~~~~~~~~~~~~^^^^^^^^^^^
  File "/Users/seunovomacbook/code/python-learning/reports-automation/.venv/lib/python3.14/site-packages/google/ads/googleads/client.py", line 321, in load_from_storage
    kwargs: Dict[str, Any] = cls._get_client_kwargs(config_data)
                             ~~~~~~~~~~~~~~~~~~~~~~^^^^^^^^^^^^^
  File "/Users/seunovomacbook/code/python-learning/reports-automation/.venv/lib/python3.14/site-packages/google/ads/googleads/client.py", line 198, in _get_client_kwargs
    "credentials": oauth2.get_credentials(config_data),
                   ~~~~~~~~~~~~~~~~~~~~~~^^^^^^^^^^^^^
  File "/Users/seunovomacbook/code/python-learning/reports-automation/.venv/lib/python3.14/site-packages/google/ads/googleads/oauth2.py", line 151, in get_credentials
    return get_installed_app_credentials(
        config_data.get("client_id"),
    ...<2 lines>...
        http_proxy=config_data.get("http_proxy"),
    )
  File "/Users/seunovomacbook/code/python-learning/reports-automation/.venv/lib/python3.14/site-packages/google/ads/googleads/oauth2.py", line 56, in initialize_credentials_wrapper
    credentials.refresh(Request())
    ~~~~~~~~~~~~~~~~~~~^^^^^^^^^^^
  File "/Users/seunovomacbook/code/python-learning/reports-automation/.venv/lib/python3.14/site-packages/google/auth/credentials.py", line 482, in refresh
    self._perform_refresh_token(request)
    ~~~~~~~~~~~~~~~~~~~~~~~~~~~^^^^^^^^^
  File "/Users/seunovomacbook/code/python-learning/reports-automation/.venv/lib/python3.14/site-packages/google/oauth2/credentials.py", line 435, in _perform_refresh_token
    ) = reauth.refresh_grant(
        ~~~~~~~~~~~~~~~~~~~~^
        request,
        ^^^^^^^^
    ...<6 lines>...
        enable_reauth_refresh=self._enable_reauth_refresh,
        ^^^^^^^^^^^^^^^^^^^^^^^^^^^^^^^^^^^^^^^^^^^^^^^^^^
    )
    ^
  File "/Users/seunovomacbook/code/python-learning/reports-automation/.venv/lib/python3.14/site-packages/google/oauth2/reauth.py", line 370, in refresh_grant
    _client._handle_error_response(response_data, retryable_error)
    ~~~~~~~~~~~~~~~~~~~~~~~~~~~~~~^^^^^^^^^^^^^^^^^^^^^^^^^^^^^^^^
  File "/Users/seunovomacbook/code/python-learning/reports-automation/.venv/lib/python3.14/site-packages/google/oauth2/_client.py", line 73, in _handle_error_response
    raise exceptions.RefreshError(
        error_details, response_data, retryable=retryable_error
    )
google.auth.exceptions.RefreshError: ('deleted_client: The OAuth client was deleted.', {'error': 'deleted_client', 'error_description': 'The OAuth client was deleted.'})
2026-06-16 12:08:48 [INFO] Job "Relatorios diarios (ter-dom) — 11h50 (trigger: cron[day_of_week='tue,wed,thu,fri,sat,sun', hour='11', minute='50'], next run at: 2026-06-17 11:50:00 -03)" executed successfully
2026-06-18 17:51:51 [INFO] Running job "Relatorios diarios (ter-dom) — 11h50 (trigger: cron[day_of_week='tue,wed,thu,fri,sat,sun', hour='11', minute='50'], next run at: 2026-06-19 11:50:00 -03)" (scheduled at 2026-06-18 11:50:00-03:00)
2026-06-18 17:51:51 [INFO] [reportei-daily] Iniciando analise para 2026-06-18
2026-06-18 17:52:05 [INFO] [reportei-daily] HTML gerado: /Users/seunovomacbook/code/python-learning/reports-automation/data/reports/reportei_daily_2026-06-18.html
Python(35978) MallocStackLogging: can't turn off malloc stack logging because it was not enabled.
Python(35979) MallocStackLogging: can't turn off malloc stack logging because it was not enabled.
Python(35980) MallocStackLogging: can't turn off malloc stack logging because it was not enabled.
Python(35981) MallocStackLogging: can't turn off malloc stack logging because it was not enabled.
Python(35982) MallocStackLogging: can't turn off malloc stack logging because it was not enabled.
2026-06-18 17:52:16 [INFO] [reportei-daily] Concluido.
2026-06-18 17:52:16 [INFO] [gads] Iniciando relatorio completo Google Ads para 2026-06-18
2026-06-18 17:52:16 [ERROR] [gads] Erro: ('deleted_client: The OAuth client was deleted.', {'error': 'deleted_client', 'error_description': 'The OAuth client was deleted.'})
Traceback (most recent call last):
  File "/Users/seunovomacbook/code/python-learning/reports-automation/main.py", line 128, in job_gads
    gads = _get_gads()
  File "/Users/seunovomacbook/code/python-learning/reports-automation/main.py", line 48, in _get_gads
    _gads_client = GoogleAdsDirectClient()
  File "/Users/seunovomacbook/code/python-learning/reports-automation/src/google_ads_client.py", line 21, in __init__
    self._client  = GoogleAdsClient.load_from_storage(YAML_PATH)
                    ~~~~~~~~~~~~~~~~~~~~~~~~~~~~~~~~~^^^^^^^^^^^
  File "/Users/seunovomacbook/code/python-learning/reports-automation/.venv/lib/python3.14/site-packages/google/ads/googleads/client.py", line 321, in load_from_storage
    kwargs: Dict[str, Any] = cls._get_client_kwargs(config_data)
                             ~~~~~~~~~~~~~~~~~~~~~~^^^^^^^^^^^^^
  File "/Users/seunovomacbook/code/python-learning/reports-automation/.venv/lib/python3.14/site-packages/google/ads/googleads/client.py", line 198, in _get_client_kwargs
    "credentials": oauth2.get_credentials(config_data),
                   ~~~~~~~~~~~~~~~~~~~~~~^^^^^^^^^^^^^
  File "/Users/seunovomacbook/code/python-learning/reports-automation/.venv/lib/python3.14/site-packages/google/ads/googleads/oauth2.py", line 151, in get_credentials
    return get_installed_app_credentials(
        config_data.get("client_id"),
    ...<2 lines>...
        http_proxy=config_data.get("http_proxy"),
    )
  File "/Users/seunovomacbook/code/python-learning/reports-automation/.venv/lib/python3.14/site-packages/google/ads/googleads/oauth2.py", line 56, in initialize_credentials_wrapper
    credentials.refresh(Request())
    ~~~~~~~~~~~~~~~~~~~^^^^^^^^^^^
  File "/Users/seunovomacbook/code/python-learning/reports-automation/.venv/lib/python3.14/site-packages/google/auth/credentials.py", line 482, in refresh
    self._perform_refresh_token(request)
    ~~~~~~~~~~~~~~~~~~~~~~~~~~~^^^^^^^^^
  File "/Users/seunovomacbook/code/python-learning/reports-automation/.venv/lib/python3.14/site-packages/google/oauth2/credentials.py", line 435, in _perform_refresh_token
    ) = reauth.refresh_grant(
        ~~~~~~~~~~~~~~~~~~~~^
        request,
        ^^^^^^^^
    ...<6 lines>...
        enable_reauth_refresh=self._enable_reauth_refresh,
        ^^^^^^^^^^^^^^^^^^^^^^^^^^^^^^^^^^^^^^^^^^^^^^^^^^
    )
    ^
  File "/Users/seunovomacbook/code/python-learning/reports-automation/.venv/lib/python3.14/site-packages/google/oauth2/reauth.py", line 370, in refresh_grant
    _client._handle_error_response(response_data, retryable_error)
    ~~~~~~~~~~~~~~~~~~~~~~~~~~~~~~^^^^^^^^^^^^^^^^^^^^^^^^^^^^^^^^
  File "/Users/seunovomacbook/code/python-learning/reports-automation/.venv/lib/python3.14/site-packages/google/oauth2/_client.py", line 73, in _handle_error_response
    raise exceptions.RefreshError(
        error_details, response_data, retryable=retryable_error
    )
google.auth.exceptions.RefreshError: ('deleted_client: The OAuth client was deleted.', {'error': 'deleted_client', 'error_description': 'The OAuth client was deleted.'})
2026-06-18 17:52:16 [INFO] Job "Relatorios diarios (ter-dom) — 11h50 (trigger: cron[day_of_week='tue,wed,thu,fri,sat,sun', hour='11', minute='50'], next run at: 2026-06-19 11:50:00 -03)" executed successfully
2026-06-20 19:54:52 [WARNING] Run time of job "Relatorios diarios (ter-dom) — 11h50 (trigger: cron[day_of_week='tue,wed,thu,fri,sat,sun', hour='11', minute='50'], next run at: 2026-06-21 11:50:00 -03)" was missed by 8:04:52.710070
2026-06-22 09:29:12 [WARNING] Run time of job "Relatorios diarios (ter-dom) — 11h50 (trigger: cron[day_of_week='tue,wed,thu,fri,sat,sun', hour='11', minute='50'], next run at: 2026-06-23 11:50:00 -03)" was missed by 21:39:12.690927
2026-06-22 12:03:25 [INFO] Running job "Segunda-feira: diario + mensal + semanal — 11h50 (trigger: cron[day_of_week='mon', hour='11', minute='50'], next run at: 2026-06-29 11:50:00 -03)" (scheduled at 2026-06-22 11:50:00-03:00)
2026-06-22 12:03:25 [INFO] [reportei-daily] Iniciando analise para 2026-06-22
2026-06-22 12:03:41 [INFO] [reportei-daily] HTML gerado: /Users/seunovomacbook/code/python-learning/reports-automation/data/reports/reportei_daily_2026-06-22.html
Python(71381) MallocStackLogging: can't turn off malloc stack logging because it was not enabled.
